{
  "stats": {
    "suites": 1,
    "tests": 3,
    "passes": 2,
    "pending": 1,
    "failures": 0,
    "start": "2025-11-05T21:36:56.086Z",
    "end": "2025-11-05T21:37:09.955Z",
    "duration": 13869,
    "testsRegistered": 3,
    "passPercent": 100,
    "pendingPercent": 33.33333333333333,
    "other": 0,
    "hasOther": false,
    "skipped": 0,
    "hasSkipped": false
  },
  "results": [
    {
      "uuid": "f4b48336-97f8-4ea8-8971-3c9cf0db11e3",
      "title": "",
      "fullFile": "cypress\\e2e\\login.cy.js",
      "file": "cypress\\e2e\\login.cy.js",
      "beforeHooks": [],
      "afterHooks": [],
      "tests": [],
      "suites": [
        {
          "uuid": "12e2c508-bb36-45bd-bc7b-285f5ba640e5",
          "title": "Funcionalidade Login",
          "fullFile": "",
          "file": "",
          "beforeHooks": [],
          "afterHooks": [],
          "tests": [
            {
              "title": "Login com sucesso usando Comando customizado",
              "fullTitle": "Funcionalidade Login Login com sucesso usando Comando customizado",
              "timedOut": null,
              "duration": 6524,
              "state": "passed",
              "speed": "medium",
              "pass": true,
              "fail": false,
              "pending": false,
              "context": null,
              "code": "cy.login(dadosLogin.usuario, dadosLogin.senha);\ncy.get('.page-title').should('contain', 'Minha conta');",
              "err": {},
              "uuid": "a5a93bcf-5dc2-465f-9175-a49b4c14ced0",
              "parentUUID": "12e2c508-bb36-45bd-bc7b-285f5ba640e5",
              "isHook": false,
              "skipped": false
            },
            {
              "title": "Login usando fixture",
              "fullTitle": "Funcionalidade Login Login usando fixture",
              "timedOut": null,
              "duration": 3878,
              "state": "passed",
              "speed": "fast",
              "pass": true,
              "fail": false,
              "pending": false,
              "context": null,
              "code": "cy.fixture('perfil').then(dados => {\n  cy.login(dados.usuario, dados.senha);\n});\ncy.get('.page-title').should('contain', 'Minha conta');",
              "err": {},
              "uuid": "2f218221-66d0-4046-8e65-ec6bf2253e67",
              "parentUUID": "12e2c508-bb36-45bd-bc7b-285f5ba640e5",
              "isHook": false,
              "skipped": false
            },
            {
              "title": "Deve fazer login com sucesso - sem otimização",
              "fullTitle": "Funcionalidade Login Deve fazer login com sucesso - sem otimização",
              "timedOut": null,
              "duration": 0,
              "state": "pending",
              "speed": null,
              "pass": false,
              "fail": false,
              "pending": true,
              "context": null,
              "code": "cy.get('#username').type(dadosLogin.usuario);\ncy.get('#password').type(dadosLogin.senha, {\n  log: false\n});\ncy.get('.woocommerce-form > .button').click();\ncy.get('.page-title').should('contain', 'Minha conta');\ncy.get('.woocommerce-MyAccount-content > :nth-child(2)').should('contain', 'Olá, aluno_ebac');",
              "err": {},
              "uuid": "398fd624-c614-4af6-a275-eed50b38f428",
              "parentUUID": "12e2c508-bb36-45bd-bc7b-285f5ba640e5",
              "isHook": false,
              "skipped": false
            }
          ],
          "suites": [],
          "passes": [
            "a5a93bcf-5dc2-465f-9175-a49b4c14ced0",
            "2f218221-66d0-4046-8e65-ec6bf2253e67"
          ],
          "failures": [],
          "pending": [
            "398fd624-c614-4af6-a275-eed50b38f428"
          ],
          "skipped": [],
          "duration": 10402,
          "root": false,
          "rootEmpty": false,
          "_timeout": 2000
        }
      ],
      "passes": [],
      "failures": [],
      "pending": [],
      "skipped": [],
      "duration": 0,
      "root": true,
      "rootEmpty": true,
      "_timeout": 2000
    }
  ],
  "meta": {
    "mocha": {
      "version": "7.0.1"
    },
    "mochawesome": {
      "options": {
        "quiet": false,
        "reportFilename": "mochawesome",
        "saveHtml": true,
        "saveJson": true,
        "consoleReporter": "spec",
        "useInlineDiffs": false,
        "code": true
      },
      "version": "7.1.4"
    },
    "marge": {
      "options": null,
      "version": "6.3.0"
    }
  }
}